Log file open, 09/30/17 18:15:14
LogInit:Display: Running engine for game: SteamReady
LogPlatformFile: Not using cached read wrapper
LogInit:Display: RandInit(1641029590) SRandInit(1641029590).
LogTaskGraph: Started task graph with 5 named threads and 6 total threads with 1 sets of task threads.
LogStats: Stats thread started at 0.321381
LogInit: Using libcurl 7.47.1
LogInit:  - built for x86_64-pc-win32
LogInit:  - supports SSL with OpenSSL/1.0.2g
LogInit:  - supports HTTP deflate (compression) using libz 1.2.8
LogInit:  - other features:
LogInit:      CURL_VERSION_SSL
LogInit:      CURL_VERSION_LIBZ
LogInit:      CURL_VERSION_IPV6
LogInit:      CURL_VERSION_ASYNCHDNS
LogInit:      CURL_VERSION_LARGEFILE
LogInit:      CURL_VERSION_IDN
LogInit:  CurlRequestOptions (configurable via config and command line):
LogInit:  - bVerifyPeer = false  - Libcurl will NOT verify peer certificate
LogInit:  - bUseHttpProxy = false  - Libcurl will NOT use HTTP proxy
LogInit:  - bDontReuseConnections = false  - Libcurl will reuse connections
LogInit:  - CertBundlePath = nullptr  - Libcurl will use whatever was configured at build time.
LogOnline:Display: STEAM: Loading Steam SDK 1.32
LogOnline:Warning: STEAM: Steamworks: SteamUtils() failed!
LogOnline:Warning: STEAM: Steamworks: SteamUser() failed!
LogOnline:Warning: STEAM: Steamworks: SteamFriends() failed!
LogOnline:Warning: STEAM: Steamworks: SteamRemoteStorage() failed!
LogOnline:Warning: STEAM: Steamworks: SteamUserStats() failed!
LogOnline:Warning: STEAM: Steamworks: SteamMatchmakingServers() failed!
LogOnline:Warning: STEAM: Steamworks: SteamApps() failed!
LogOnline:Warning: STEAM: Steamworks: SteamNetworking() failed!
LogOnline:Warning: STEAM: Steamworks: SteamMatchmaking() failed!
LogOnline:Display: STEAM: OnlineSubsystemSteam::Shutdown()
LogOnline:Warning: STEAM: Steam API failed to initialize!
LogOnline:Display: STEAM: OnlineSubsystemSteam::Shutdown()
LogInit: WinSock: version 1.1 (2.2), MaxSocks=32767, MaxUdp=65467
LogInit: Build: ++UE4+Release-4.15-CL-3450819
LogInit: Engine Version: 4.15.3-3450819+++UE4+Release-4.15
LogInit: Compatible Engine Version: 4.15.0-3299760+++UE4+Release-4.15
LogInit: Net CL: 3299760
LogDevObjectVersion: Number of dev versions registered: 14
LogDevObjectVersion:   Dev-Blueprints (B0D832E4-1F89-4F0D-ACCF-7EB736FD4AA2): 8
LogDevObjectVersion:   Dev-Build (E1C64328-A22C-4D53-A36C-8E866417BD8C): 0
LogDevObjectVersion:   Dev-Core (375EC13C-06E4-48FB-B500-84F0262A717E): 2
LogDevObjectVersion:   Dev-Editor (E4B068ED-F494-42E9-A231-DA0B2E46BB41): 14
LogDevObjectVersion:   Dev-Framework (CFFC743F-43B0-4480-9391-14DF171D2073): 22
LogDevObjectVersion:   Dev-Mobile (B02B49B5-BB20-44E9-A304-32B752E40360): 0
LogDevObjectVersion:   Dev-Networking (A4E4105C-59A1-49B5-A7C5-40C4547EDFEE): 0
LogDevObjectVersion:   Dev-Online (39C831C9-5AE6-47DC-9A44-9C173E1C8E7C): 0
LogDevObjectVersion:   Dev-Physics (78F01B33-EBEA-4F98-B9B4-84EACCB95AA2): 0
LogDevObjectVersion:   Dev-Platform (6631380F-2D4D-43E0-8009-CF276956A95A): 0
LogDevObjectVersion:   Dev-Rendering (12F88B9F-8875-4AFC-A67C-D90C383ABD29): 12
LogDevObjectVersion:   Dev-Sequencer (7B5AE74C-D270-4C10-A958-57980B212A5A): 3
LogDevObjectVersion:   Dev-VR (D7296918-1DD6-4BDD-9DE2-64A83CC13884): 0
LogDevObjectVersion:   Dev-LoadTimes (C2A15278-BFE7-4AFE-6C17-90FF531DF755): 1
LogInit: Compiled (64-bit): May 21 2017 11:02:34
LogInit: Compiled with Visual C++: 19.00.23026.00
LogInit: Build Configuration: Development
LogInit: Branch Name: ++UE4+Release-4.15
LogInit: Command line:  /Temp/Autosaves/Game/ThirdPersonBP/Maps/UEDPCThirdPersonExampleMap -game -PIEVIACONSOLE -ResX=1280 -ResY=720  -Multiprocess -messaging -SessionName="Play in Standalone Game" -windowed 
LogInit: Base directory: C:/Program Files/Epic Games/UE_4.15/Engine/Binaries/Win64/
LogInit: Installed Engine Build: 1
LogInit: Presizing for max 8388607 objects, including 0 objects not considered by GC, pre-allocating 0 bytes for permanent pool.
LogInit: Object subsystem initialized
[2017.10.01-00.15.22:281][  0]LogInit: Selected Device Profile: [Windows]
[2017.10.01-00.15.22:281][  0]LogInit: Applying CVar settings loaded from the selected device profile: [Windows]
[2017.10.01-00.15.22:289][  0]LogInit: Computer: DESKTOP-HV13I5E
[2017.10.01-00.15.22:289][  0]LogInit: User: cbris
[2017.10.01-00.15.22:289][  0]LogInit: CPU Page size=65536, Cores=2
[2017.10.01-00.15.22:289][  0]LogInit: High frequency timer resolution =3.124997 MHz
[2017.10.01-00.15.22:289][  0]LogMemory: Memory total: Physical=8.0GB (8GB approx)
[2017.10.01-00.15.22:289][  0]LogMemory: Platform Memory Stats for Windows
[2017.10.01-00.15.22:289][  0]LogMemory: Process Physical Memory: 263.76 MB used, 263.76 MB peak
[2017.10.01-00.15.22:289][  0]LogMemory: Process Virtual Memory: 262.20 MB used, 262.20 MB peak
[2017.10.01-00.15.22:289][  0]LogMemory: Physical Memory: 4841.61 MB used,  3314.64 MB free, 8156.25 MB total
[2017.10.01-00.15.22:289][  0]LogMemory: Virtual Memory: 646.55 MB used,  3314.64 MB free, 134217728.00 MB total
[2017.10.01-00.15.22:565][  0]LogTextLocalizationManager: No specific translations for ('en-US') exist, so ('en') translations will be used.
[2017.10.01-00.15.23:822][  0]LogD3D11RHI: D3D11 adapters:
[2017.10.01-00.15.25:981][  0]LogD3D11RHI:    0. 'NVIDIA GeForce GTX 970' (Feature Level 11_0)
[2017.10.01-00.15.25:981][  0]LogD3D11RHI:       4059/0/4078 MB DedicatedVideo/DedicatedSystem/SharedSystem, Outputs:1, VendorId:0x10de
[2017.10.01-00.15.28:428][  0]LogD3D11RHI:    1. 'NVIDIA GeForce GT 430' (Feature Level 11_0)
[2017.10.01-00.15.28:428][  0]LogD3D11RHI:       979/0/4078 MB DedicatedVideo/DedicatedSystem/SharedSystem, Outputs:2, VendorId:0x10de
[2017.10.01-00.15.28:432][  0]LogD3D11RHI:    2. 'Microsoft Basic Render Driver' (Feature Level 11_0)
[2017.10.01-00.15.28:432][  0]LogD3D11RHI:       0/0/4078 MB DedicatedVideo/DedicatedSystem/SharedSystem, Outputs:0, VendorId:0x1414
[2017.10.01-00.15.28:432][  0]LogD3D11RHI: Chosen D3D11 Adapter: 0
[2017.10.01-00.15.28:449][  0]LogD3D11RHI: Creating new Direct3DDevice
[2017.10.01-00.15.28:449][  0]LogD3D11RHI:     GPU DeviceId: 0x13c2 (for the marketing name, search the web for "GPU Device Id")
[2017.10.01-00.15.28:449][  0]LogWindows: EnumDisplayDevices:
[2017.10.01-00.15.28:449][  0]LogWindows:    0. 'NVIDIA GeForce GTX 970' (P:1 D:1)
[2017.10.01-00.15.28:449][  0]LogWindows:    1. 'NVIDIA GeForce GTX 970' (P:0 D:0)
[2017.10.01-00.15.28:450][  0]LogWindows:    2. 'NVIDIA GeForce GTX 970' (P:0 D:0)
[2017.10.01-00.15.28:450][  0]LogWindows:    3. 'NVIDIA GeForce GTX 970' (P:0 D:0)
[2017.10.01-00.15.28:450][  0]LogWindows:    4. 'NVIDIA GeForce GT 430' (P:0 D:1)
[2017.10.01-00.15.28:450][  0]LogWindows:    5. 'NVIDIA GeForce GT 430' (P:0 D:1)
[2017.10.01-00.15.28:450][  0]LogWindows: DebugString: PrimaryIsNotTheChoosenAdapter PrimaryIsNotTheChoosenAdapter FoundDriverCount:4 
[2017.10.01-00.15.28:450][  0]LogD3D11RHI:     Adapter Name: NVIDIA GeForce GTX 970
[2017.10.01-00.15.28:450][  0]LogD3D11RHI:   Driver Version: 382.53 (internal:22.21.13.8253, unified:382.53)
[2017.10.01-00.15.28:451][  0]LogD3D11RHI:      Driver Date: 6-7-2017
[2017.10.01-00.15.28:451][  0]LogRHI: Texture pool is 1361 MB (70% of 1945 MB)
[2017.10.01-00.15.29:671][  0]LogD3D11RHI: Async texture creation enabled
[2017.10.01-00.15.29:911][  0]LogD3D11RHI: GPU Timing Frequency: 1000.000000 (Debug: 2 1)
[2017.10.01-00.15.29:963][  0]LogShaderCompilers: Guid format shader working directory is -20 characters bigger than the processId version (../../../../../../Users/cbris/Documents/Unreal Projects/SteamReady/Intermediate/Shaders/WorkingDirectory/8628/).
[2017.10.01-00.15.29:963][  0]LogShaderCompilers: Cleaned the shader compiler working directory 'C:/Users/cbris/AppData/Local/Temp/UnrealShaderWorkingDir/381C35C54B491E2AF7B2ECA9D957B650/'.
[2017.10.01-00.15.29:963][  0]LogShaderCompilers:Display: Using Local Shader Compiler.
[2017.10.01-00.15.32:283][  0]LogTemp:Display: Loaded TP WindowsClientTargetPlatform
[2017.10.01-00.15.32:423][  0]LogTemp:Display: Loaded TP WindowsNoEditorTargetPlatform
[2017.10.01-00.15.32:558][  0]LogTemp:Display: Loaded TP WindowsServerTargetPlatform
[2017.10.01-00.15.32:676][  0]LogTemp:Display: Loaded TP WindowsTargetPlatform
[2017.10.01-00.15.32:676][  0]LogTargetPlatformManager:Display: Building Assets For Windows
[2017.10.01-00.15.33:837][  0]LogDerivedDataCache:Display: Max Cache Size: 512 MB
[2017.10.01-00.15.33:976][  0]LogDerivedDataCache: Loaded boot cache 0.14s 50MB C:/Users/cbris/AppData/Local/UnrealEngine/4.15/DerivedDataCache/Boot.ddc.
[2017.10.01-00.15.33:976][  0]LogDerivedDataCache:Display: Loaded Boot cache: C:/Users/cbris/AppData/Local/UnrealEngine/4.15/DerivedDataCache/Boot.ddc
[2017.10.01-00.15.33:976][  0]LogDerivedDataCache: FDerivedDataBackendGraph:  Pak pak cache file ../../../../../../Users/cbris/Documents/Unreal Projects/SteamReady/DerivedDataCache/DDC.ddp not found, will not use a pak cache.
[2017.10.01-00.15.33:976][  0]LogDerivedDataCache: Unable to find inner node Pak for hierarchical cache Hierarchy.
[2017.10.01-00.15.33:976][  0]LogDerivedDataCache: FDerivedDataBackendGraph:  CompressedPak pak cache file ../../../../../../Users/cbris/Documents/Unreal Projects/SteamReady/DerivedDataCache/Compressed.ddp not found, will not use a pak cache.
[2017.10.01-00.15.33:976][  0]LogDerivedDataCache: Unable to find inner node CompressedPak for hierarchical cache Hierarchy.
[2017.10.01-00.15.34:008][  0]LogDerivedDataCache:Display: Pak cache opened for reading ../../../Engine/DerivedDataCache/Compressed.ddp.
[2017.10.01-00.15.34:020][  0]LogDerivedDataCache: Using Local data cache path C:/Users/cbris/AppData/Local/UnrealEngine/Common/DerivedDataCache: Writable
[2017.10.01-00.15.34:042][  0]LogSlate: Using Freetype 2.6.0
[2017.10.01-00.15.34:043][  0]LogSlate: SlateFontCache - WITH_FREETYPE: 1, WITH_HARFBUZZ: 1
[2017.10.01-00.15.34:043][  0]LogSlate: SlateFontCache - WITH_FREETYPE: 1, WITH_HARFBUZZ: 1
[2017.10.01-00.15.34:738][  0]LogAssetRegistry: FAssetRegistry took 0.0002 seconds to start up
[2017.10.01-00.15.34:749][  0]LogPackageLocalizationCache: Processed 3 localized package path(s) for 2 prioritized culture(s) in 0.010958 seconds
[2017.10.01-00.15.34:781][  0]LogInit: Selected Device Profile: [Windows]
[2017.10.01-00.15.34:783][  0]LogContentStreaming: Texture pool size is 1000.00 MB
[2017.10.01-00.15.35:234][  0]LogMeshUtilities: Using QuadricMeshReduction for automatic static mesh reduction
[2017.10.01-00.15.35:347][  0]LogSimplygon: Simplygon DLL not present - disabling.
[2017.10.01-00.15.35:475][  0]LogMeshUtilities: Using SimplygonSwarm for distributed automatic mesh merging
[2017.10.01-00.15.35:475][  0]LogMeshUtilities: No automatic skeletal mesh reduction module available
[2017.10.01-00.15.35:475][  0]LogMeshUtilities: No automatic mesh merging module available
[2017.10.01-00.15.36:544][  0]LogNetVersion: GetLocalNetworkVersion: CL: 3299760, ProjectName: steamready, ProjectVersion: , EngineNetworkVersion: 2, GameNetworkVersion: 0, NetworkChecksum: 2609104352
[2017.10.01-00.15.38:711][  0]LogMoviePlayer: Initializing movie player
[2017.10.01-00.15.39:465][  0]LogTcpMessaging: Initializing TcpMessaging bridge
[2017.10.01-00.15.39:549][  0]LogUdpMessaging: Initializing bridge on interface 0.0.0.0:0 to multicast group 230.0.0.1:6666.
[2017.10.01-00.15.40:268][  0]SourceControl: Info Source control is disabled
[2017.10.01-00.15.40:268][  0]SourceControl: Info Source control is disabled
[2017.10.01-00.15.40:385][  0]SourceControl: Info Source control is disabled
[2017.10.01-00.15.41:914][  0]LogUObjectArray: 34415 objects as part of root set at end of initial load.
[2017.10.01-00.15.41:914][  0]LogUObjectAllocator: 7853176 out of 0 bytes used by permanent object pool.
[2017.10.01-00.15.41:914][  0]LogUObjectArray: CloseDisregardForGC: 0/0 objects in disregard for GC pool
[2017.10.01-00.15.42:136][  0]LogEngine: Initializing Engine...
[2017.10.01-00.15.42:137][  0]LogHMD: Failed to initialize OpenVR with code 110
[2017.10.01-00.15.42:312][  0]LogStats: UGameplayTagsManager::ConstructGameplayTagTree: Construct from data asset -  0.000 s
[2017.10.01-00.15.42:312][  0]LogStats: UGameplayTagsManager::ConstructGameplayTagTree: GameplayTagTreeChangedEvent.Broadcast -  0.000 s
[2017.10.01-00.15.42:462][  0]LogInit: XAudio2 using 'Speakers (Turtle Beach P11 Headset)' : 2 channels at 48 kHz using 16 bits per sample (channel mask 0x3)
[2017.10.01-00.15.42:485][  0]LogInit: FAudioDevice initialized.
[2017.10.01-00.15.42:533][  0]LogInit: Texture streaming: Enabled
[2017.10.01-00.15.42:567][  0]LogMaterial: Uniform references updated for custom material expression Custom.
[2017.10.01-00.15.43:569][  0]LogInit:Display: Game Engine Initialized.
[2017.10.01-00.15.44:092][  0]LogInit:Display: Starting Game.
[2017.10.01-00.15.44:092][  0]LogNet: Browse: /Temp/Autosaves/Game/ThirdPersonBP/Maps/UEDPCThirdPersonExampleMap?Name=Player
[2017.10.01-00.15.44:108][  0]LogLoad: LoadMap: /Temp/Autosaves/Game/ThirdPersonBP/Maps/UEDPCThirdPersonExampleMap?Name=Player
[2017.10.01-00.15.44:175][  0]LogMemory: Platform Memory Stats for Windows
[2017.10.01-00.15.44:175][  0]LogMemory: Process Physical Memory: 683.10 MB used, 710.96 MB peak
[2017.10.01-00.15.44:175][  0]LogMemory: Process Virtual Memory: 748.93 MB used, 748.94 MB peak
[2017.10.01-00.15.44:175][  0]LogMemory: Physical Memory: 5186.63 MB used,  2969.62 MB free, 8156.25 MB total
[2017.10.01-00.15.44:175][  0]LogMemory: Virtual Memory: 1343.31 MB used,  2969.62 MB free, 134217728.00 MB total
[2017.10.01-00.15.44:175][  0]LogMemory: 
[2017.10.01-00.15.44:175][  0]Allocator Stats for TBB: (not implemented)
[2017.10.01-00.15.45:034][  0]LogAIModule: Creating AISystem for world ThirdPersonExampleMap
[2017.10.01-00.15.45:039][  0]LogLoad: Game class is 'ThirdPersonGameMode_C'
[2017.10.01-00.15.45:048][  0]LogWorld: Bringing World /Temp/Autosaves/Game/ThirdPersonBP/Maps/UEDPCThirdPersonExampleMap.ThirdPersonExampleMap up for play (max tick rate 0) at 2017.09.30-18.15.45
[2017.10.01-00.15.45:083][  0]LogWorld: Bringing up level for play took: 0.042354
[2017.10.01-00.15.45:266][  0]LogLoad: Took 1.157888 seconds to LoadMap(/Temp/Autosaves/Game/ThirdPersonBP/Maps/UEDPCThirdPersonExampleMap)
[2017.10.01-00.15.45:810][  0]LogRenderer: Reallocating scene render targets to support 1280x720 NumSamples 1 (Frame:2).
[2017.10.01-00.15.45:810][  0]LogLoad: (Engine Initialization) Total time: 38.87 seconds
[2017.10.01-00.15.45:810][  0]LogLoad: (Engine Initialization) Total Blueprint compile time: 0.28 seconds
[2017.10.01-00.15.45:810][  0]LogExternalProfiler: Found external profiler: VSPerf
[2017.10.01-00.15.45:810][  0]LogExternalProfiler: Using external profiler: VSPerf
[2017.10.01-00.15.45:832][  0]LogOcInput: OculusInput pre-init called
[2017.10.01-00.16.00:933][917]LogWindowsTextInputMethodSystem:Display: IME system now deactivated.
[2017.10.01-00.16.00:942][917]LogEngine: All Windows Closed
[2017.10.01-00.16.00:942][917]LogWindows: FPlatformMisc::RequestExit(0)
[2017.10.01-00.16.00:943][918]LogMoviePlayer: Shutting down movie player
[2017.10.01-00.16.01:149][918]LogExit: Preparing to exit.
[2017.10.01-00.16.01:723][918]LogExit: Game engine shut down
[2017.10.01-00.16.01:807][918]LogObj: Freed 0b from 0 cluster array pools.
[2017.10.01-00.16.01:807][918]LogExit: Object subsystem successfully closed.
[2017.10.01-00.16.01:824][918]LogD3D11RHI: Shutdown
[2017.10.01-00.16.01:824][918]LogD3D11RHI: CleanupD3DDevice
[2017.10.01-00.16.01:895][918]LogD3D11RHI: ~FD3D11DynamicRHI
[2017.10.01-00.16.01:957][918]LogModuleManager: Shutting down and abandoning module SequenceRecorderSections (268)
[2017.10.01-00.16.01:957][918]LogModuleManager: Shutting down and abandoning module SequenceRecorder (266)
[2017.10.01-00.16.01:957][918]LogModuleManager: Shutting down and abandoning module AutomationController (264)
[2017.10.01-00.16.01:958][918]LogModuleManager: Shutting down and abandoning module AutomationWorker (262)
[2017.10.01-00.16.01:958][918]LogModuleManager: Shutting down and abandoning module Voice (260)
[2017.10.01-00.16.01:958][918]LogModuleManager: Shutting down and abandoning module AIModule (258)
[2017.10.01-00.16.01:958][918]LogModuleManager: Shutting down and abandoning module GameplayDebugger (257)
[2017.10.01-00.16.01:982][918]LogModuleManager: Shutting down and abandoning module AITestSuite (255)
[2017.10.01-00.16.01:982][918]LogModuleManager: Shutting down and abandoning module WmfMediaFactory (252)
[2017.10.01-00.16.01:982][918]LogModuleManager: Shutting down and abandoning module MfMediaFactory (250)
[2017.10.01-00.16.01:982][918]LogModuleManager: Shutting down and abandoning module AvfMediaFactory (248)
[2017.10.01-00.16.01:982][918]LogModuleManager: Shutting down and abandoning module AndroidMediaFactory (246)
[2017.10.01-00.16.01:982][918]LogModuleManager: Shutting down and abandoning module Media (245)
[2017.10.01-00.16.01:982][918]LogModuleManager: Shutting down and abandoning module CharacterAI (242)
[2017.10.01-00.16.01:982][918]LogModuleManager: Shutting down and abandoning module SessionServices (240)
[2017.10.01-00.16.01:982][918]LogModuleManager: Shutting down and abandoning module MovieSceneCapture (238)
[2017.10.01-00.16.01:982][918]LogModuleManager: Shutting down and abandoning module GeometryCache (236)
[2017.10.01-00.16.01:982][918]LogModuleManager: Shutting down and abandoning module GeometryCacheEd (235)
[2017.10.01-00.16.01:982][918]LogModuleManager: Shutting down and abandoning module Niagara (232)
[2017.10.01-00.16.01:982][918]LogModuleManager: Shutting down and abandoning module StreamingPauseRendering (230)
[2017.10.01-00.16.01:982][918]LogModuleManager: Shutting down and abandoning module PortalServices (228)
[2017.10.01-00.16.01:982][918]LogModuleManager: Shutting down and abandoning module PortalRpc (226)
[2017.10.01-00.16.01:982][918]LogModuleManager: Shutting down and abandoning module MessagingRpc (224)
[2017.10.01-00.16.01:982][918]LogModuleManager: Shutting down and abandoning module ProfilerService (222)
[2017.10.01-00.16.02:112][918]LogModuleManager: Shutting down and abandoning module TaskGraph (220)
[2017.10.01-00.16.02:112][918]LogModuleManager: Shutting down and abandoning module SteamVRController (218)
[2017.10.01-00.16.02:112][918]LogModuleManager: Shutting down and abandoning module SteamVR (216)
[2017.10.01-00.16.02:112][918]LogModuleManager: Shutting down and abandoning module ProceduralMeshComponent (214)
[2017.10.01-00.16.02:112][918]LogModuleManager: Shutting down and abandoning module OculusLibrary (212)
[2017.10.01-00.16.02:112][918]LogModuleManager: Shutting down and abandoning module OculusInput (210)
[2017.10.01-00.16.02:112][918]LogModuleManager: Shutting down and abandoning module MobilePatchingUtils (208)
[2017.10.01-00.16.02:112][918]LogModuleManager: Shutting down and abandoning module CustomMeshComponent (206)
[2017.10.01-00.16.02:112][918]LogModuleManager: Shutting down and abandoning module CableComponent (204)
[2017.10.01-00.16.02:112][918]LogModuleManager: Shutting down and abandoning module ArchVisCharacter (202)
[2017.10.01-00.16.02:112][918]LogModuleManager: Shutting down and abandoning module HTML5Networking (200)
[2017.10.01-00.16.02:112][918]LogModuleManager: Shutting down and abandoning module VisualStudioSourceCodeAccess (198)
[2017.10.01-00.16.02:112][918]LogModuleManager: Shutting down and abandoning module DesktopPlatform (197)
[2017.10.01-00.16.02:112][918]LogModuleManager: Shutting down and abandoning module HotReload (195)
[2017.10.01-00.16.02:112][918]LogModuleManager: Shutting down and abandoning module DirectoryWatcher (194)
[2017.10.01-00.16.02:112][918]LogModuleManager: Shutting down and abandoning module UObjectPlugin (190)
[2017.10.01-00.16.02:112][918]LogModuleManager: Shutting down and abandoning module SubversionSourceControl (188)
[2017.10.01-00.16.02:112][918]LogModuleManager: Shutting down and abandoning module PerforceSourceControl (186)
[2017.10.01-00.16.02:112][918]LogModuleManager: Shutting down and abandoning module SourceControl (185)
[2017.10.01-00.16.02:112][918]LogModuleManager: Shutting down and abandoning module PhysXVehiclesEditor (182)
[2017.10.01-00.16.02:112][918]LogModuleManager: Shutting down and abandoning module PhysXVehicles (180)
[2017.10.01-00.16.02:112][918]LogModuleManager: Shutting down and abandoning module LocationServicesBPLibrary (178)
[2017.10.01-00.16.02:112][918]LogModuleManager: Shutting down and abandoning module UdpMessaging (176)
[2017.10.01-00.16.02:213][918]LogModuleManager: Shutting down and abandoning module TcpMessaging (174)
[2017.10.01-00.16.02:477][918]LogModuleManager: Shutting down and abandoning module GameplayTagsEditor (172)
[2017.10.01-00.16.02:477][918]LogModuleManager: Shutting down and abandoning module FacialAnimation (170)
[2017.10.01-00.16.02:477][918]LogModuleManager: Shutting down and abandoning module LightPropagationVolumeRuntime (168)
[2017.10.01-00.16.02:477][918]LogModuleManager: Shutting down and abandoning module Paper2D (166)
[2017.10.01-00.16.02:477][918]LogModuleManager: Shutting down and abandoning module WindowsMoviePlayer (164)
[2017.10.01-00.16.02:477][918]LogModuleManager: Shutting down and abandoning module WmfMedia (162)
[2017.10.01-00.16.02:477][918]LogModuleManager: Shutting down and abandoning module MfMedia (160)
[2017.10.01-00.16.02:477][918]LogModuleManager: Shutting down and abandoning module MediaAssets (158)
[2017.10.01-00.16.02:477][918]LogModuleManager: Shutting down and abandoning module GameLiveStreaming (156)
[2017.10.01-00.16.02:477][918]LogModuleManager: Shutting down and abandoning module VREditor (154)
[2017.10.01-00.16.02:477][918]LogModuleManager: Shutting down and abandoning module GameplayTasksEditor (152)
[2017.10.01-00.16.02:477][918]LogModuleManager: Shutting down and abandoning module BehaviorTreeEditor (150)
[2017.10.01-00.16.02:477][918]LogModuleManager: Shutting down and abandoning module FunctionalTesting (148)
[2017.10.01-00.16.02:478][918]LogModuleManager: Shutting down and abandoning module CollisionAnalyzer (146)
[2017.10.01-00.16.02:478][918]LogModuleManager: Shutting down and abandoning module UMG (144)
[2017.10.01-00.16.02:478][918]LogModuleManager: Shutting down and abandoning module UMGEditor (143)
[2017.10.01-00.16.02:478][918]LogModuleManager: Shutting down and abandoning module Sequencer (142)
[2017.10.01-00.16.02:478][918]LogModuleManager: Shutting down and abandoning module AssetTools (140)
[2017.10.01-00.16.02:478][918]LogModuleManager: Shutting down and abandoning module MessageLog (139)
[2017.10.01-00.16.02:478][918]LogModuleManager: Shutting down and abandoning module WorkspaceMenuStructure (138)
[2017.10.01-00.16.02:478][918]LogModuleManager: Shutting down and abandoning module SlateReflector (132)
[2017.10.01-00.16.02:478][918]LogModuleManager: Shutting down and abandoning module Slate (130)
[2017.10.01-00.16.02:478][918]LogModuleManager: Shutting down and abandoning module EditorStyle (128)
[2017.10.01-00.16.02:482][918]LogModuleManager: Shutting down and abandoning module Messaging (126)
[2017.10.01-00.16.02:482][918]LogModuleManager: Shutting down and abandoning module SourceCodeAccess (124)
[2017.10.01-00.16.02:482][918]LogModuleManager: Shutting down and abandoning module HeadMountedDisplay (122)
[2017.10.01-00.16.02:482][918]LogModuleManager: Shutting down and abandoning module XAudio2 (120)
[2017.10.01-00.16.02:482][918]LogModuleManager: Shutting down and abandoning module Networking (118)
[2017.10.01-00.16.02:482][918]LogModuleManager: Shutting down and abandoning module Core (116)
[2017.10.01-00.16.02:482][918]LogModuleManager: Shutting down and abandoning module KismetCompiler (114)
[2017.10.01-00.16.02:482][918]LogModuleManager: Shutting down and abandoning module PhysXFormats (112)
[2017.10.01-00.16.02:482][918]LogModuleManager: Shutting down and abandoning module MeshUtilities (110)
[2017.10.01-00.16.02:482][918]LogModuleManager: Shutting down and abandoning module SimplygonSwarm (109)
[2017.10.01-00.16.02:482][918]LogModuleManager: Shutting down and abandoning module SimplygonMeshReduction (107)
[2017.10.01-00.16.02:482][918]LogModuleManager: Shutting down and abandoning module QuadricMeshReduction (105)
[2017.10.01-00.16.02:482][918]LogModuleManager: Shutting down and abandoning module PropertyEditor (103)
[2017.10.01-00.16.02:482][918]LogModuleManager: Shutting down and abandoning module AssetRegistry (100)
[2017.10.01-00.16.02:482][918]LogModuleManager: Shutting down and abandoning module DerivedDataCache (98)
[2017.10.01-00.16.02:532][918]LogDerivedDataCache: Shutdown
[2017.10.01-00.16.02:532][918]LogModuleManager: Shutting down and abandoning module TargetPlatform (96)
[2017.10.01-00.16.02:532][918]LogModuleManager: Shutting down and abandoning module VulkanShaderFormat (95)
[2017.10.01-00.16.02:532][918]LogModuleManager: Shutting down and abandoning module ShaderFormatOpenGL (93)
[2017.10.01-00.16.02:532][918]LogModuleManager: Shutting down and abandoning module ShaderFormatD3D (91)
[2017.10.01-00.16.02:532][918]LogModuleManager: Shutting down and abandoning module MetalShaderFormat (89)
[2017.10.01-00.16.02:532][918]LogModuleManager: Shutting down and abandoning module TextureFormatUncompressed (87)
[2017.10.01-00.16.02:532][918]LogModuleManager: Shutting down and abandoning module TextureFormatPVR (85)
[2017.10.01-00.16.02:532][918]LogModuleManager: Shutting down and abandoning module TextureFormatDXT (83)
[2017.10.01-00.16.02:532][918]LogModuleManager: Shutting down and abandoning module TextureFormatIntelISPCTexComp (81)
[2017.10.01-00.16.02:533][918]LogModuleManager: Shutting down and abandoning module TextureFormatASTC (79)
[2017.10.01-00.16.02:533][918]LogModuleManager: Shutting down and abandoning module ImageWrapper (78)
[2017.10.01-00.16.02:533][918]LogModuleManager: Shutting down and abandoning module TextureFormatAndroid (75)
[2017.10.01-00.16.02:533][918]LogModuleManager: Shutting down and abandoning module AudioFormatOpus (73)
[2017.10.01-00.16.02:533][918]LogModuleManager: Shutting down and abandoning module AudioFormatOgg (71)
[2017.10.01-00.16.02:533][918]LogModuleManager: Shutting down and abandoning module AudioFormatADPCM (69)
[2017.10.01-00.16.02:533][918]LogModuleManager: Shutting down and abandoning module WindowsTargetPlatform (67)
[2017.10.01-00.16.02:533][918]LogModuleManager: Shutting down and abandoning module WindowsServerTargetPlatform (65)
[2017.10.01-00.16.02:533][918]LogModuleManager: Shutting down and abandoning module WindowsNoEditorTargetPlatform (63)
[2017.10.01-00.16.02:533][918]LogModuleManager: Shutting down and abandoning module WindowsClientTargetPlatform (61)
[2017.10.01-00.16.02:533][918]LogModuleManager: Shutting down and abandoning module InputCore (58)
[2017.10.01-00.16.02:533][918]LogModuleManager: Shutting down and abandoning module Settings (56)
[2017.10.01-00.16.02:533][918]LogModuleManager: Shutting down and abandoning module OculusRift (54)
[2017.10.01-00.16.02:533][918]LogModuleManager: Shutting down and abandoning module GearVR (52)
[2017.10.01-00.16.02:533][918]LogModuleManager: Shutting down and abandoning module ExampleDeviceProfileSelector (50)
[2017.10.01-00.16.02:533][918]LogModuleManager: Shutting down and abandoning module OnlineBlueprintSupport (48)
[2017.10.01-00.16.02:533][918]LogModuleManager: Shutting down and abandoning module OnlineSubsystem (44)
[2017.10.01-00.16.02:533][918]LogOnline:Display: OSS: FOnlineSubsystemNull::Shutdown()
[2017.10.01-00.16.02:533][918]LogOnline:Display: Unloading online subsystem: STEAM
[2017.10.01-00.16.02:533][918]LogOnline:Display: Unloading online subsystem: NULL
[2017.10.01-00.16.02:533][918]LogModuleManager: Shutting down and abandoning module XMPP (37)
[2017.10.01-00.16.02:533][918]LogModuleManager: Shutting down and abandoning module HTTP (35)
[2017.10.01-00.16.02:542][918]LogModuleManager: Shutting down and abandoning module SSL (34)
[2017.10.01-00.16.02:544][918]LogModuleManager: Shutting down and abandoning module AudioEditor (30)
[2017.10.01-00.16.02:544][918]LogModuleManager: Shutting down and abandoning module TextureCompressor (28)
[2017.10.01-00.16.02:544][918]LogModuleManager: Shutting down and abandoning module ShaderCore (26)
[2017.10.01-00.16.02:544][918]LogModuleManager: Shutting down and abandoning module Landscape (24)
[2017.10.01-00.16.02:544][918]LogModuleManager: Shutting down and abandoning module SlateRHIRenderer (22)
[2017.10.01-00.16.02:544][918]LogModuleManager: Shutting down and abandoning module OpenGLDrv (20)
[2017.10.01-00.16.02:544][918]LogModuleManager: Shutting down and abandoning module D3D11RHI (18)
[2017.10.01-00.16.02:544][918]LogModuleManager: Shutting down and abandoning module AnimGraphRuntime (16)
[2017.10.01-00.16.02:544][918]LogModuleManager: Shutting down and abandoning module Renderer (14)
[2017.10.01-00.16.02:544][918]LogModuleManager: Shutting down and abandoning module Engine (12)
[2017.10.01-00.16.02:544][918]LogModuleManager: Shutting down and abandoning module CoreUObject (10)
[2017.10.01-00.16.02:544][918]LogModuleManager: Shutting down and abandoning module NetworkFile (8)
[2017.10.01-00.16.02:544][918]LogModuleManager: Shutting down and abandoning module StreamingFile (6)
[2017.10.01-00.16.02:544][918]LogModuleManager: Shutting down and abandoning module SandboxFile (4)
[2017.10.01-00.16.02:544][918]LogModuleManager: Shutting down and abandoning module PakFile (2)
[2017.10.01-00.16.02:546][918]LogExit: Exiting.
[2017.10.01-00.16.02:549][918]Log file closed, 09/30/17 18:16:02
